<?xml version="1.0" encoding="UTF-8"?>
<!-- Generated by org.testng.reporters.JUnitReportReporter -->
<testsuite hostname="QT-INBG-LT1941" failures="0" tests="5" name="contactus" time="47.471" errors="0" timestamp="2022-09-19T18:12:06 IST" skipped="0">
  <testcase classname="contactus" name="send" time="9.363"/>
  <system-out/>
  <testcase classname="contactus" name="send" time="9.507"/>
  <system-out/>
  <testcase classname="contactus" name="send" time="9.580"/>
  <system-out/>
  <testcase classname="contactus" name="send" time="9.864"/>
  <system-out/>
  <testcase classname="contactus" name="send" time="9.157"/>
  <system-out/>
</testsuite> <!-- contactus -->
